


ARM Macro Assembler    Page 1 


    1 00000000                 PRESERVE8
    2 00000000                 THUMB
    3 00000000         
    4 00000000         
    5 00000000         ; ====================== zone de réservation de données,
                         ======================================
    6 00000000         ;Section RAM (read only) :
    7 00000000                 area             mesdata,data,readonly
    8 00000000         
    9 00000000                 IMPORT           LeSignal
   10 00000000         
   11 00000000         ;Section RAM (read write):
   12 00000000                 area             maram,data,readwrite
   13 00000000         
   14 00000000 00 00   indice  dcw              0
   15 00000002 00 00 00000000 
                       sortie  dcd              0
   16 00000008                 EXPORT           sortie
   17 00000008                 EXPORT           indice
   18 00000008         
   19 00000008         
   20 00000008         ; ======================================================
                       =========================================
   21 00000008         
   22 00000008         
   23 00000008                 EXPORT           DFT_ModuleAuCarre
   24 00000008                 EXPORT           Partie1
   25 00000008                 EXPORT           Partie2
   26 00000008         ;Section ROM code (read only) :  
   27 00000008                 area             moncode,code,readonly
   28 00000000         ; écrire le code ici  
   29 00000000         
   30 00000000         Partie1 proc
   31 00000000         ; partie 1 (réelle) :
   32 00000000         
   33 00000000         debut
   34 00000000 4B24            ldr              r3,=indice
   35 00000002 681A            ldr              r2,[r3]
   36 00000004 2A40            cmp              r2,#64
   37 00000006 D014            beq              finboucle
   38 00000008         ;pour i de 0 a M-1 = 0 à 63{
   39 00000008 F830 4012       ldrh             r4,[r0,r2,lsl#1]
   40 0000000C         ;on accede a la valeur du tableau a n : xn=x(n) (r4)
   41 0000000C         ;nk=n*k(mod)64 (r5)
   42 0000000C FB02 F501       mul              r5,r2,r1
   43 00000010 F005 053F       and              r5,#0x003F
   44 00000014         ;on fait le modulo 64 de n*k avec un masque 6 bits
   45 00000014         ;c=cos(2*pi*nk/M)
   46 00000014 4E20            ldr              r6,=TabCos
   47 00000016 F936 6015       ldrsh            r6,[r6,r5,lsl#1]
   48 0000001A FB06 F604       mul              r6,r6,r4
   49 0000001E 4F1F            ldr              r7,=sortie
   50 00000020 F8D7 8000       ldr              r8,[r7]
   51 00000024 44B0            add              r8,r6
   52 00000026 F8C7 8000       str              r8,[r7]
   53 0000002A         ;on mutliplie et on l'additionne à la somme des valeurs 
                       déja trouvées
   54 0000002A         ;sum=c*xn+sum}
   55 0000002A F102 0201       add              r2,#1



ARM Macro Assembler    Page 2 


   56 0000002E 601A            str              r2,[r3]
   57 00000030 E7E6            b                debut
   58 00000032         ;incrément de l'indice 
   59 00000032         ;fin pour}
   60 00000032         finboucle
   61 00000032 4F1A            ldr              r7,=sortie
   62 00000034 6838            ldr              r0,[r7]
   63 00000036 4770            bx               lr
   64 00000038         ;à la fin de la boucle on retourne la somme 
   65 00000038         ;return sum
   66 00000038                 endp
   67 00000038         
   68 00000038         Partie2 proc
   69 00000038         ; partie 2 (im) :
   70 00000038         debut2
   71 00000038 4B16            ldr              r3,=indice
   72 0000003A 681A            ldr              r2,[r3]
   73 0000003C 2A40            cmp              r2,#64
   74 0000003E D014            beq              finboucle2
   75 00000040         ;pour i de 0 a M-1 = 0 à 63{
   76 00000040 F830 4012       ldrh             r4,[r0,r2,lsl#1]
   77 00000044         ;on accede a la valeur du tableau a n : xn=x(n) (r4)
   78 00000044         ;nk=n*k(mod)64 (r5)
   79 00000044 FB02 F501       mul              r5,r2,r1
   80 00000048 F005 053F       and              r5,#0x003F
   81 0000004C         ;on fait le modulo 64 de n*k avec un masque 6 bits
   82 0000004C         ;c=cos(2*pi*nk/M)
   83 0000004C 4E14            ldr              r6,=TabSin
   84 0000004E F936 6015       ldrsh            r6,[r6,r5,lsl#1]
   85 00000052 FB06 F604       mul              r6,r6,r4
   86 00000056 4F11            ldr              r7,=sortie
   87 00000058 F8D7 8000       ldr              r8,[r7]
   88 0000005C 44B0            add              r8,r6
   89 0000005E F8C7 8000       str              r8,[r7]
   90 00000062         ;on mutliplie et on l'additionne à la somme des valeurs 
                       déja trouvées
   91 00000062         ;sum=c*xn+sum}
   92 00000062 F102 0201       add              r2,#1
   93 00000066 601A            str              r2,[r3]
   94 00000068 E7E6            b                debut2
   95 0000006A         ;incrément de l'indice 
   96 0000006A         ;fin pour}
   97 0000006A         finboucle2
   98 0000006A 4F0C            ldr              r7,=sortie
   99 0000006C 6838            ldr              r0,[r7]
  100 0000006E 4770            bx               lr
  101 00000070         ;à la fin de la boucle on retourne la somme 
  102 00000070         ;return sum
  103 00000070                 endp
  104 00000070         
  105 00000070         
  106 00000070         DFT_ModuleAuCarre
                               proc
  107 00000070         
  108 00000070         ;partie 3
  109 00000070 B500            push{lr}
  110 00000072 B403            push{r0,r1}
  111 00000074 F7FF FFFE       bl               Partie1
  112 00000078 4602            mov              r2,r0



ARM Macro Assembler    Page 3 


  113 0000007A BC03            pop{r0,r1}
  114 0000007C F7FF FFFE       bl               Partie2
  115 00000080 4603            mov              r3,r0
  116 00000082 F85D EB04       pop{lr}
  117 00000086         ;reste a module au carré r2+r3 (cos + sin)
  118 00000086 FBC2 7202       smlal            r7,r2,r2,r2
  119 0000008A FBC3 7303       smlal            r7,r3,r3,r3
  120 0000008E 441A            add              r2,r3
  121 00000090 4610            mov              r0,r2
  122 00000092         ;il faut mettre sur r0 et r1 car 64 bits
  123 00000092 4770            bx               lr          ;on a un résultat e
                                                            n 10.54 car on mult
                                                            iplie des 5.27 pour
                                                             les carrés et on l
                                                            es sommes
  124 00000094         ;à la fin de la boucle on retourne la somme 
  125 00000094         ;return sum
  126 00000094                 endp
  127 00000094         ;Section ROM code (read only) :  
  128 00000094 00000000 
              00000000 
              00000000 
              00000000         AREA             Trigo, DATA, READONLY
  129 00000000         ; codage fractionnaire 1.15
  130 00000000         
  131 00000000         TabCos
  132 00000000 FF 7F           DCW              32767       ;  0 0x7fff  0.9999
                                                            7
  133 00000002 62 7F           DCW              32610       ;  1 0x7f62  0.9951
                                                            8
  134 00000004 8A 7D           DCW              32138       ;  2 0x7d8a  0.9807
                                                            7
  135 00000006 7D 7A           DCW              31357       ;  3 0x7a7d  0.9569
                                                            4
  136 00000008 42 76           DCW              30274       ;  4 0x7642  0.9238
                                                            9
  137 0000000A E3 70           DCW              28899       ;  5 0x70e3  0.8819
                                                            3
  138 0000000C 6E 6A           DCW              27246       ;  6 0x6a6e  0.8314
                                                            8
  139 0000000E F2 62           DCW              25330       ;  7 0x62f2  0.7730
                                                            1
  140 00000010 82 5A           DCW              23170       ;  8 0x5a82  0.7070
                                                            9
  141 00000012 34 51           DCW              20788       ;  9 0x5134  0.6344
                                                            0
  142 00000014 1D 47           DCW              18205       ; 10 0x471d  0.5555
                                                            7
  143 00000016 57 3C           DCW              15447       ; 11 0x3c57  0.4714
                                                            1
  144 00000018 FC 30           DCW              12540       ; 12 0x30fc  0.3826
                                                            9
  145 0000001A 28 25           DCW              9512        ; 13 0x2528  0.2902
                                                            8
  146 0000001C F9 18           DCW              6393        ; 14 0x18f9  0.1951
                                                            0
  147 0000001E 8C 0C           DCW              3212        ; 15 0x0c8c  0.0980
                                                            2
  148 00000020 00 00           DCW              0           ; 16 0x0000  0.0000



ARM Macro Assembler    Page 4 


                                                            0
  149 00000022 74 F3           DCW              -3212       ; 17 0xf374 -0.0980
                                                            2
  150 00000024 07 E7           DCW              -6393       ; 18 0xe707 -0.1951
                                                            0
  151 00000026 D8 DA           DCW              -9512       ; 19 0xdad8 -0.2902
                                                            8
  152 00000028 04 CF           DCW              -12540      ; 20 0xcf04 -0.3826
                                                            9
  153 0000002A A9 C3           DCW              -15447      ; 21 0xc3a9 -0.4714
                                                            1
  154 0000002C E3 B8           DCW              -18205      ; 22 0xb8e3 -0.5555
                                                            7
  155 0000002E CC AE           DCW              -20788      ; 23 0xaecc -0.6344
                                                            0
  156 00000030 7E A5           DCW              -23170      ; 24 0xa57e -0.7070
                                                            9
  157 00000032 0E 9D           DCW              -25330      ; 25 0x9d0e -0.7730
                                                            1
  158 00000034 92 95           DCW              -27246      ; 26 0x9592 -0.8314
                                                            8
  159 00000036 1D 8F           DCW              -28899      ; 27 0x8f1d -0.8819
                                                            3
  160 00000038 BE 89           DCW              -30274      ; 28 0x89be -0.9238
                                                            9
  161 0000003A 83 85           DCW              -31357      ; 29 0x8583 -0.9569
                                                            4
  162 0000003C 76 82           DCW              -32138      ; 30 0x8276 -0.9807
                                                            7
  163 0000003E 9E 80           DCW              -32610      ; 31 0x809e -0.9951
                                                            8
  164 00000040 00 80           DCW              -32768      ; 32 0x8000 -1.0000
                                                            0
  165 00000042 9E 80           DCW              -32610      ; 33 0x809e -0.9951
                                                            8
  166 00000044 76 82           DCW              -32138      ; 34 0x8276 -0.9807
                                                            7
  167 00000046 83 85           DCW              -31357      ; 35 0x8583 -0.9569
                                                            4
  168 00000048 BE 89           DCW              -30274      ; 36 0x89be -0.9238
                                                            9
  169 0000004A 1D 8F           DCW              -28899      ; 37 0x8f1d -0.8819
                                                            3
  170 0000004C 92 95           DCW              -27246      ; 38 0x9592 -0.8314
                                                            8
  171 0000004E 0E 9D           DCW              -25330      ; 39 0x9d0e -0.7730
                                                            1
  172 00000050 7E A5           DCW              -23170      ; 40 0xa57e -0.7070
                                                            9
  173 00000052 CC AE           DCW              -20788      ; 41 0xaecc -0.6344
                                                            0
  174 00000054 E3 B8           DCW              -18205      ; 42 0xb8e3 -0.5555
                                                            7
  175 00000056 A9 C3           DCW              -15447      ; 43 0xc3a9 -0.4714
                                                            1
  176 00000058 04 CF           DCW              -12540      ; 44 0xcf04 -0.3826
                                                            9
  177 0000005A D8 DA           DCW              -9512       ; 45 0xdad8 -0.2902
                                                            8



ARM Macro Assembler    Page 5 


  178 0000005C 07 E7           DCW              -6393       ; 46 0xe707 -0.1951
                                                            0
  179 0000005E 74 F3           DCW              -3212       ; 47 0xf374 -0.0980
                                                            2
  180 00000060 00 00           DCW              0           ; 48 0x0000  0.0000
                                                            0
  181 00000062 8C 0C           DCW              3212        ; 49 0x0c8c  0.0980
                                                            2
  182 00000064 F9 18           DCW              6393        ; 50 0x18f9  0.1951
                                                            0
  183 00000066 28 25           DCW              9512        ; 51 0x2528  0.2902
                                                            8
  184 00000068 FC 30           DCW              12540       ; 52 0x30fc  0.3826
                                                            9
  185 0000006A 57 3C           DCW              15447       ; 53 0x3c57  0.4714
                                                            1
  186 0000006C 1D 47           DCW              18205       ; 54 0x471d  0.5555
                                                            7
  187 0000006E 34 51           DCW              20788       ; 55 0x5134  0.6344
                                                            0
  188 00000070 82 5A           DCW              23170       ; 56 0x5a82  0.7070
                                                            9
  189 00000072 F2 62           DCW              25330       ; 57 0x62f2  0.7730
                                                            1
  190 00000074 6E 6A           DCW              27246       ; 58 0x6a6e  0.8314
                                                            8
  191 00000076 E3 70           DCW              28899       ; 59 0x70e3  0.8819
                                                            3
  192 00000078 42 76           DCW              30274       ; 60 0x7642  0.9238
                                                            9
  193 0000007A 7D 7A           DCW              31357       ; 61 0x7a7d  0.9569
                                                            4
  194 0000007C 8A 7D           DCW              32138       ; 62 0x7d8a  0.9807
                                                            7
  195 0000007E 62 7F           DCW              32610       ; 63 0x7f62  0.9951
                                                            8
  196 00000080         TabSin
  197 00000080 00 00           DCW              0           ;  0 0x0000  0.0000
                                                            0
  198 00000082 8C 0C           DCW              3212        ;  1 0x0c8c  0.0980
                                                            2
  199 00000084 F9 18           DCW              6393        ;  2 0x18f9  0.1951
                                                            0
  200 00000086 28 25           DCW              9512        ;  3 0x2528  0.2902
                                                            8
  201 00000088 FC 30           DCW              12540       ;  4 0x30fc  0.3826
                                                            9
  202 0000008A 57 3C           DCW              15447       ;  5 0x3c57  0.4714
                                                            1
  203 0000008C 1D 47           DCW              18205       ;  6 0x471d  0.5555
                                                            7
  204 0000008E 34 51           DCW              20788       ;  7 0x5134  0.6344
                                                            0
  205 00000090 82 5A           DCW              23170       ;  8 0x5a82  0.7070
                                                            9
  206 00000092 F2 62           DCW              25330       ;  9 0x62f2  0.7730
                                                            1
  207 00000094 6E 6A           DCW              27246       ; 10 0x6a6e  0.8314
                                                            8



ARM Macro Assembler    Page 6 


  208 00000096 E3 70           DCW              28899       ; 11 0x70e3  0.8819
                                                            3
  209 00000098 42 76           DCW              30274       ; 12 0x7642  0.9238
                                                            9
  210 0000009A 7D 7A           DCW              31357       ; 13 0x7a7d  0.9569
                                                            4
  211 0000009C 8A 7D           DCW              32138       ; 14 0x7d8a  0.9807
                                                            7
  212 0000009E 62 7F           DCW              32610       ; 15 0x7f62  0.9951
                                                            8
  213 000000A0 FF 7F           DCW              32767       ; 16 0x7fff  0.9999
                                                            7
  214 000000A2 62 7F           DCW              32610       ; 17 0x7f62  0.9951
                                                            8
  215 000000A4 8A 7D           DCW              32138       ; 18 0x7d8a  0.9807
                                                            7
  216 000000A6 7D 7A           DCW              31357       ; 19 0x7a7d  0.9569
                                                            4
  217 000000A8 42 76           DCW              30274       ; 20 0x7642  0.9238
                                                            9
  218 000000AA E3 70           DCW              28899       ; 21 0x70e3  0.8819
                                                            3
  219 000000AC 6E 6A           DCW              27246       ; 22 0x6a6e  0.8314
                                                            8
  220 000000AE F2 62           DCW              25330       ; 23 0x62f2  0.7730
                                                            1
  221 000000B0 82 5A           DCW              23170       ; 24 0x5a82  0.7070
                                                            9
  222 000000B2 34 51           DCW              20788       ; 25 0x5134  0.6344
                                                            0
  223 000000B4 1D 47           DCW              18205       ; 26 0x471d  0.5555
                                                            7
  224 000000B6 57 3C           DCW              15447       ; 27 0x3c57  0.4714
                                                            1
  225 000000B8 FC 30           DCW              12540       ; 28 0x30fc  0.3826
                                                            9
  226 000000BA 28 25           DCW              9512        ; 29 0x2528  0.2902
                                                            8
  227 000000BC F9 18           DCW              6393        ; 30 0x18f9  0.1951
                                                            0
  228 000000BE 8C 0C           DCW              3212        ; 31 0x0c8c  0.0980
                                                            2
  229 000000C0 00 00           DCW              0           ; 32 0x0000  0.0000
                                                            0
  230 000000C2 74 F3           DCW              -3212       ; 33 0xf374 -0.0980
                                                            2
  231 000000C4 07 E7           DCW              -6393       ; 34 0xe707 -0.1951
                                                            0
  232 000000C6 D8 DA           DCW              -9512       ; 35 0xdad8 -0.2902
                                                            8
  233 000000C8 04 CF           DCW              -12540      ; 36 0xcf04 -0.3826
                                                            9
  234 000000CA A9 C3           DCW              -15447      ; 37 0xc3a9 -0.4714
                                                            1
  235 000000CC E3 B8           DCW              -18205      ; 38 0xb8e3 -0.5555
                                                            7
  236 000000CE CC AE           DCW              -20788      ; 39 0xaecc -0.6344
                                                            0
  237 000000D0 7E A5           DCW              -23170      ; 40 0xa57e -0.7070



ARM Macro Assembler    Page 7 


                                                            9
  238 000000D2 0E 9D           DCW              -25330      ; 41 0x9d0e -0.7730
                                                            1
  239 000000D4 92 95           DCW              -27246      ; 42 0x9592 -0.8314
                                                            8
  240 000000D6 1D 8F           DCW              -28899      ; 43 0x8f1d -0.8819
                                                            3
  241 000000D8 BE 89           DCW              -30274      ; 44 0x89be -0.9238
                                                            9
  242 000000DA 83 85           DCW              -31357      ; 45 0x8583 -0.9569
                                                            4
  243 000000DC 76 82           DCW              -32138      ; 46 0x8276 -0.9807
                                                            7
  244 000000DE 9E 80           DCW              -32610      ; 47 0x809e -0.9951
                                                            8
  245 000000E0 00 80           DCW              -32768      ; 48 0x8000 -1.0000
                                                            0
  246 000000E2 9E 80           DCW              -32610      ; 49 0x809e -0.9951
                                                            8
  247 000000E4 76 82           DCW              -32138      ; 50 0x8276 -0.9807
                                                            7
  248 000000E6 83 85           DCW              -31357      ; 51 0x8583 -0.9569
                                                            4
  249 000000E8 BE 89           DCW              -30274      ; 52 0x89be -0.9238
                                                            9
  250 000000EA 1D 8F           DCW              -28899      ; 53 0x8f1d -0.8819
                                                            3
  251 000000EC 92 95           DCW              -27246      ; 54 0x9592 -0.8314
                                                            8
  252 000000EE 0E 9D           DCW              -25330      ; 55 0x9d0e -0.7730
                                                            1
  253 000000F0 7E A5           DCW              -23170      ; 56 0xa57e -0.7070
                                                            9
  254 000000F2 CC AE           DCW              -20788      ; 57 0xaecc -0.6344
                                                            0
  255 000000F4 E3 B8           DCW              -18205      ; 58 0xb8e3 -0.5555
                                                            7
  256 000000F6 A9 C3           DCW              -15447      ; 59 0xc3a9 -0.4714
                                                            1
  257 000000F8 04 CF           DCW              -12540      ; 60 0xcf04 -0.3826
                                                            9
  258 000000FA D8 DA           DCW              -9512       ; 61 0xdad8 -0.2902
                                                            8
  259 000000FC 07 E7           DCW              -6393       ; 62 0xe707 -0.1951
                                                            0
  260 000000FE 74 F3           DCW              -3212       ; 63 0xf374 -0.0980
                                                            2
  261 00000100         
  262 00000100         
  263 00000100         
  264 00000100         
  265 00000100                 END
Command Line: --debug --xref --diag_suppress=9931 --cpu=Cortex-M3 --apcs=interw
ork --depend=.\obj\dft.d -o.\obj\dft.o -I.\Driver -I.\Src -I.\RTE\_Simu -IC:\Pr
ogramdata\Keil\Arm\Packs\ARM\CMSIS\5.7.0\CMSIS\Core\Include -IC:\Programdata\Ke
il\Arm\Packs\Keil\STM32F1xx_DFP\2.3.0\Device\Include --predefine="__EVAL SETA 1
" --predefine="__MICROLIB SETA 1" --predefine="__UVISION_VERSION SETA 534" --pr
edefine="_RTE_ SETA 1" --predefine="STM32F10X_MD SETA 1" --predefine="_RTE_ SET
A 1" --list=dft.lst Src\DFT.s



ARM Macro Assembler    Page 1 Alphabetic symbol ordering
Relocatable symbols

mesdata 00000000

Symbol: mesdata
   Definitions
      At line 7 in file Src\DFT.s
   Uses
      None
Comment: mesdata unused
1 symbol



ARM Macro Assembler    Page 1 Alphabetic symbol ordering
Relocatable symbols

indice 00000000

Symbol: indice
   Definitions
      At line 14 in file Src\DFT.s
   Uses
      At line 17 in file Src\DFT.s
      At line 34 in file Src\DFT.s
      At line 71 in file Src\DFT.s

maram 00000000

Symbol: maram
   Definitions
      At line 12 in file Src\DFT.s
   Uses
      None
Comment: maram unused
sortie 00000004

Symbol: sortie
   Definitions
      At line 15 in file Src\DFT.s
   Uses
      At line 16 in file Src\DFT.s
      At line 49 in file Src\DFT.s
      At line 61 in file Src\DFT.s
      At line 86 in file Src\DFT.s
      At line 98 in file Src\DFT.s

3 symbols



ARM Macro Assembler    Page 1 Alphabetic symbol ordering
Relocatable symbols

DFT_ModuleAuCarre 00000070

Symbol: DFT_ModuleAuCarre
   Definitions
      At line 106 in file Src\DFT.s
   Uses
      At line 23 in file Src\DFT.s
Comment: DFT_ModuleAuCarre used once
Partie1 00000000

Symbol: Partie1
   Definitions
      At line 30 in file Src\DFT.s
   Uses
      At line 24 in file Src\DFT.s
      At line 111 in file Src\DFT.s

Partie2 00000038

Symbol: Partie2
   Definitions
      At line 68 in file Src\DFT.s
   Uses
      At line 25 in file Src\DFT.s
      At line 114 in file Src\DFT.s

debut 00000000

Symbol: debut
   Definitions
      At line 33 in file Src\DFT.s
   Uses
      At line 57 in file Src\DFT.s
Comment: debut used once
debut2 00000038

Symbol: debut2
   Definitions
      At line 70 in file Src\DFT.s
   Uses
      At line 94 in file Src\DFT.s
Comment: debut2 used once
finboucle 00000032

Symbol: finboucle
   Definitions
      At line 60 in file Src\DFT.s
   Uses
      At line 37 in file Src\DFT.s
Comment: finboucle used once
finboucle2 0000006A

Symbol: finboucle2
   Definitions
      At line 97 in file Src\DFT.s
   Uses
      At line 74 in file Src\DFT.s
Comment: finboucle2 used once
moncode 00000000



ARM Macro Assembler    Page 2 Alphabetic symbol ordering
Relocatable symbols


Symbol: moncode
   Definitions
      At line 27 in file Src\DFT.s
   Uses
      None
Comment: moncode unused
8 symbols



ARM Macro Assembler    Page 1 Alphabetic symbol ordering
Relocatable symbols

TabCos 00000000

Symbol: TabCos
   Definitions
      At line 131 in file Src\DFT.s
   Uses
      At line 46 in file Src\DFT.s
Comment: TabCos used once
TabSin 00000080

Symbol: TabSin
   Definitions
      At line 196 in file Src\DFT.s
   Uses
      At line 83 in file Src\DFT.s
Comment: TabSin used once
Trigo 00000000

Symbol: Trigo
   Definitions
      At line 128 in file Src\DFT.s
   Uses
      None
Comment: Trigo unused
3 symbols



ARM Macro Assembler    Page 1 Alphabetic symbol ordering
External symbols

LeSignal 00000000

Symbol: LeSignal
   Definitions
      At line 9 in file Src\DFT.s
   Uses
      None
Comment: LeSignal unused
1 symbol
353 symbols in table
