


ARM Macro Assembler    Page 1 


    1 00000000                 PRESERVE8
    2 00000000                 THUMB
    3 00000000         
    4 00000000         
    5 00000000         ; ====================== zone de réservation de données,
                         ======================================
    6 00000000         ;Section RAM (read only) :
    7 00000000                 area             mesdata,data,readonly
    8 00000000         ;Te =  PeriodeSonMicroSec en µs 
    9 00000000         
   10 00000000         ;Section RAM (read write):
   11 00000000                 area             maram,data,readwrite
   12 00000000         
   13 00000000         
   14 00000000                 IMPORT           Son
   15 00000000                 IMPORT           LongueurSon
   16 00000000         
   17 00000000 00000000 
                       SortieSon
                               dcd              0
   18 00000004 00 00   indiceson
                               dcw              0
   19 00000006                 EXPORT           SortieSon
   20 00000006                 EXPORT           indiceson
   21 00000006         ; ======================================================
                       =========================================
   22 00000006         
   23 00000006                 EXPORT           CallbackSon
   24 00000006         
   25 00000006         ;Section ROM code (read only) :  
   26 00000006                 area             moncode,code,readonly
   27 00000000         ; écrire le code ici  
   28 00000000                 include          DriverJeuLaser.inc
    1 00000000         
    2 00000000         ; Bibliotheque DriverJeuLaser (ancienne gassp72 adaptée 
                       2021 - TR)
    3 00000000         ; Accès en aux fonctions suivantes :
    4 00000000         ; GPIO :
    5 00000000         ; GPIOA_Set(char Broche), GPIOB_Set(char Broche), GPIOC_
                       Set(char Broche)
    6 00000000         ; GPIOA_Clear(char Broche), GPIOB_Clear(char Broche), GP
                       IOC_Clear(char Broche)
    7 00000000         
    8 00000000         ; PWM :
    9 00000000         ;/**
   10 00000000         ; * @brief  Fixe une valeur de PWM, Val, en tick horloge
                       . La rapport cyclique effectif
   11 00000000         ; * est donc : rcy = Thaut_ticks / Periode_ticks
   12 00000000         ; * @note   spécifique Jeu Laser, PWM liée exclusivement
                        au TIM3, chan3
   13 00000000         ; * @param  Thaut_ticks : durée de l'état haut d'une imp
                       ulsion en Ticks
   14 00000000         ;  * @retval None
   15 00000000         ; */
   16 00000000         
   17 00000000         ;void PWM_Set_Value_TIM3_Ch3( unsigned short int Thaut_t
                       icks);
   18 00000000                 import           PWM_Set_Value_TIM3_Ch3
   19 00000000         



ARM Macro Assembler    Page 2 


   20 00000000         
   21 00000000         
   22 00000000         ;/**
   23 00000000         ; * @brief  Mise à 1 d'une broche GPIO 
   24 00000000         ;  * @note   Une fonction par GPIO
   25 00000000         ; * @param  Broche : 0 à 15
   26 00000000         ; * @retval None
   27 00000000         ; */
   28 00000000         
   29 00000000         ;void GPIOA_Set(char Broche);
   30 00000000                 import           GPIOA_Set
   31 00000000         
   32 00000000         ;void GPIOB_Set(char Broche);
   33 00000000                 import           GPIOB_Set
   34 00000000         
   35 00000000         ;void GPIOC_Set(char Broche);
   36 00000000                 import           GPIOC_Set
   37 00000000         
   38 00000000         
   39 00000000         
   40 00000000         ;/**
   41 00000000         ; * @brief  Mise à 0 d'une broche GPIO 
   42 00000000         ;  * @note   Une fonction par GPIO
   43 00000000         ; * @param  Broche : 0 à 15
   44 00000000         ; * @retval None
   45 00000000         ;  */
   46 00000000         
   47 00000000         ;void GPIOA_Clear(char Broche);
   48 00000000                 import           GPIOA_Clear
   49 00000000         
   50 00000000         ;void GPIOB_Clear(char Broche);
   51 00000000                 import           GPIOB_Clear
   52 00000000         
   53 00000000         ;void GPIOC_Clear(char Broche);
   54 00000000                 import           GPIOC_Clear
   55 00000000         
   56 00000000                 end
   29 00000000         
   30 00000000         CallbackSon
                               proc
   31 00000000 E92D 07F0       push{r4-r10}
   32 00000004 490F            ldr              r1,=indiceson
   33 00000006 6808            ldr              r0,[r1]
   34 00000008 4B0F            ldr              r3,=LongueurSon
   35 0000000A 681C            ldr              r4,[r3]
   36 0000000C 42A0            cmp              r0,r4
   37 0000000E D016            beq              echantilloncomplet
   38 00000010         ;on créer un "for" de i allant de 1 a 5512 (Longueur Son
                       )
   39 00000010         ;cmp indice,#5512
   40 00000010         ;bne échantillon pas complet on envoie 
   41 00000010         ;sinon échantillon complet on ne lit plus
   42 00000010 4B0E            ldr              r3,=Son
   43 00000012 F933 2010       ldrsh            r2,[r3,r0,lsl#1]
   44 00000016 F44F 4400       mov              r4,#32768
   45 0000001A 4422            add              r2,r4
   46 0000001C F04F 045B       mov              r4,#91
   47 00000020 FB92 F2F4       sdiv             r2,r4
   48 00000024         



ARM Macro Assembler    Page 3 


   49 00000024         ;accéder au tableauson à l'indice i
   50 00000024         ;ajouter 32768 à la valeur 
   51 00000024         ;diviser cette valeur par 65 535
   52 00000024         ;multiplier par 719
   53 00000024         ;on a bien une valeur dans [0;719] sur sortieSon
   54 00000024         ;il faut store la valeur au bon endroit du tableau[indic
                       e]
   55 00000024 4C0A            ldr              r4,=SortieSon
   56 00000026 6022            str              r2,[r4]
   57 00000028 4603            mov              r3,r0
   58 0000002A 4610            mov              r0,r2
   59 0000002C B50A            push             {r3,r1,lr}
   60 0000002E F7FF FFFE       bl               PWM_Set_Value_TIM3_Ch3
   61 00000032 E8BD 400A       pop              {r3,r1,lr}
   62 00000036 4618            mov              r0,r3
   63 00000038 F100 0001       add              r0,#1
   64 0000003C 6008            str              r0,[r1]
   65 0000003E         ;i++
   66 0000003E         echantilloncomplet
   67 0000003E E8BD 07F0       pop{r4-r10}
   68 00000042 4770            bx               lr
   69 00000044                 endp
   70 00000044         
   71 00000044                 END
              00000000 
              00000000 
              00000000 
              00000000 
Command Line: --debug --xref --diag_suppress=9931 --cpu=Cortex-M3 --apcs=interw
ork --depend=.\obj\gestionson.d -o.\obj\gestionson.o -I.\Src -I.\Driver -I.\RTE
\_CibleSondeKEIL -IC:\Programdata\Keil\Arm\Packs\ARM\CMSIS\5.7.0\CMSIS\Core\Inc
lude -IC:\Programdata\Keil\Arm\Packs\Keil\STM32F1xx_DFP\2.3.0\Device\Include --
predefine="__EVAL SETA 1" --predefine="__MICROLIB SETA 1" --predefine="__UVISIO
N_VERSION SETA 534" --predefine="_RTE_ SETA 1" --predefine="STM32F10X_MD SETA 1
" --predefine="_RTE_ SETA 1" --list=gestionson.lst ..\PjtKEIL_StepSon\Src\Gesti
onSon.s



ARM Macro Assembler    Page 1 Alphabetic symbol ordering
Relocatable symbols

mesdata 00000000

Symbol: mesdata
   Definitions
      At line 7 in file ..\PjtKEIL_StepSon\Src\GestionSon.s
   Uses
      None
Comment: mesdata unused
1 symbol



ARM Macro Assembler    Page 1 Alphabetic symbol ordering
Relocatable symbols

SortieSon 00000000

Symbol: SortieSon
   Definitions
      At line 17 in file ..\PjtKEIL_StepSon\Src\GestionSon.s
   Uses
      At line 19 in file ..\PjtKEIL_StepSon\Src\GestionSon.s
      At line 55 in file ..\PjtKEIL_StepSon\Src\GestionSon.s

indiceson 00000004

Symbol: indiceson
   Definitions
      At line 18 in file ..\PjtKEIL_StepSon\Src\GestionSon.s
   Uses
      At line 20 in file ..\PjtKEIL_StepSon\Src\GestionSon.s
      At line 32 in file ..\PjtKEIL_StepSon\Src\GestionSon.s

maram 00000000

Symbol: maram
   Definitions
      At line 11 in file ..\PjtKEIL_StepSon\Src\GestionSon.s
   Uses
      None
Comment: maram unused
3 symbols



ARM Macro Assembler    Page 1 Alphabetic symbol ordering
Relocatable symbols

CallbackSon 00000000

Symbol: CallbackSon
   Definitions
      At line 30 in file ..\PjtKEIL_StepSon\Src\GestionSon.s
   Uses
      At line 23 in file ..\PjtKEIL_StepSon\Src\GestionSon.s
Comment: CallbackSon used once
echantilloncomplet 0000003E

Symbol: echantilloncomplet
   Definitions
      At line 66 in file ..\PjtKEIL_StepSon\Src\GestionSon.s
   Uses
      At line 37 in file ..\PjtKEIL_StepSon\Src\GestionSon.s
Comment: echantilloncomplet used once
moncode 00000000

Symbol: moncode
   Definitions
      At line 26 in file ..\PjtKEIL_StepSon\Src\GestionSon.s
   Uses
      None
Comment: moncode unused
3 symbols



ARM Macro Assembler    Page 1 Alphabetic symbol ordering
External symbols

GPIOA_Clear 00000000

Symbol: GPIOA_Clear
   Definitions
      At line 48 in file .\Driver\DriverJeuLaser.inc
   Uses
      None
Comment: GPIOA_Clear unused
GPIOA_Set 00000000

Symbol: GPIOA_Set
   Definitions
      At line 30 in file .\Driver\DriverJeuLaser.inc
   Uses
      None
Comment: GPIOA_Set unused
GPIOB_Clear 00000000

Symbol: GPIOB_Clear
   Definitions
      At line 51 in file .\Driver\DriverJeuLaser.inc
   Uses
      None
Comment: GPIOB_Clear unused
GPIOB_Set 00000000

Symbol: GPIOB_Set
   Definitions
      At line 33 in file .\Driver\DriverJeuLaser.inc
   Uses
      None
Comment: GPIOB_Set unused
GPIOC_Clear 00000000

Symbol: GPIOC_Clear
   Definitions
      At line 54 in file .\Driver\DriverJeuLaser.inc
   Uses
      None
Comment: GPIOC_Clear unused
GPIOC_Set 00000000

Symbol: GPIOC_Set
   Definitions
      At line 36 in file .\Driver\DriverJeuLaser.inc
   Uses
      None
Comment: GPIOC_Set unused
LongueurSon 00000000

Symbol: LongueurSon
   Definitions
      At line 15 in file ..\PjtKEIL_StepSon\Src\GestionSon.s
   Uses
      At line 34 in file ..\PjtKEIL_StepSon\Src\GestionSon.s
Comment: LongueurSon used once
PWM_Set_Value_TIM3_Ch3 00000000

Symbol: PWM_Set_Value_TIM3_Ch3



ARM Macro Assembler    Page 2 Alphabetic symbol ordering
External symbols

   Definitions
      At line 18 in file .\Driver\DriverJeuLaser.inc
   Uses
      At line 60 in file ..\PjtKEIL_StepSon\Src\GestionSon.s
Comment: PWM_Set_Value_TIM3_Ch3 used once
Son 00000000

Symbol: Son
   Definitions
      At line 14 in file ..\PjtKEIL_StepSon\Src\GestionSon.s
   Uses
      At line 42 in file ..\PjtKEIL_StepSon\Src\GestionSon.s
Comment: Son used once
9 symbols
353 symbols in table
