


ARM Macro Assembler    Page 1 


    1 00000000                 AREA             Signal, DATA, READONLY
    2 00000000                 export           LeSignal
    3 00000000         LeSignal
    4 00000000 90 0F           DCW              0x0f90      ;  0 3984  0.97266 
                                                            ;k=12 déphasage 19
    5 00000002 7D 08           DCW              0x087d      ;  1 2173  0.53052
    6 00000004 CF 00           DCW              0x00cf      ;  2  207  0.05054
    7 00000006 02 02           DCW              0x0202      ;  3  514  0.12549
    8 00000008 9B 0A           DCW              0x0a9b      ;  4 2715  0.66284
    9 0000000A FC 0F           DCW              0x0ffc      ;  5 4092  0.99902
   10 0000000C 82 0B           DCW              0x0b82      ;  6 2946  0.71924
   11 0000000E B3 02           DCW              0x02b3      ;  7  691  0.16870
   12 00000010 70 00           DCW              0x0070      ;  8  112  0.02734
   13 00000012 83 07           DCW              0x0783      ;  9 1923  0.46948
   14 00000014 31 0F           DCW              0x0f31      ; 10 3889  0.94946
   15 00000016 FE 0D           DCW              0x0dfe      ; 11 3582  0.87451
   16 00000018 65 05           DCW              0x0565      ; 12 1381  0.33716
   17 0000001A 04 00           DCW              0x0004      ; 13    4  0.00098
   18 0000001C 7E 04           DCW              0x047e      ; 14 1150  0.28076
   19 0000001E 4D 0D           DCW              0x0d4d      ; 15 3405  0.83130
   20 00000020 90 0F           DCW              0x0f90      ; 16 3984  0.97266
   21 00000022 7D 08           DCW              0x087d      ; 17 2173  0.53052
   22 00000024 CF 00           DCW              0x00cf      ; 18  207  0.05054
   23 00000026 02 02           DCW              0x0202      ; 19  514  0.12549
   24 00000028 9B 0A           DCW              0x0a9b      ; 20 2715  0.66284
   25 0000002A FC 0F           DCW              0x0ffc      ; 21 4092  0.99902
   26 0000002C 82 0B           DCW              0x0b82      ; 22 2946  0.71924
   27 0000002E B3 02           DCW              0x02b3      ; 23  691  0.16870
   28 00000030 70 00           DCW              0x0070      ; 24  112  0.02734
   29 00000032 83 07           DCW              0x0783      ; 25 1923  0.46948
   30 00000034 31 0F           DCW              0x0f31      ; 26 3889  0.94946
   31 00000036 FE 0D           DCW              0x0dfe      ; 27 3582  0.87451
   32 00000038 65 05           DCW              0x0565      ; 28 1381  0.33716
   33 0000003A 04 00           DCW              0x0004      ; 29    4  0.00098
   34 0000003C 7E 04           DCW              0x047e      ; 30 1150  0.28076
   35 0000003E 4D 0D           DCW              0x0d4d      ; 31 3405  0.83130
   36 00000040 90 0F           DCW              0x0f90      ; 32 3984  0.97266
   37 00000042 7D 08           DCW              0x087d      ; 33 2173  0.53052
   38 00000044 CF 00           DCW              0x00cf      ; 34  207  0.05054
   39 00000046 02 02           DCW              0x0202      ; 35  514  0.12549
   40 00000048 9B 0A           DCW              0x0a9b      ; 36 2715  0.66284
   41 0000004A FC 0F           DCW              0x0ffc      ; 37 4092  0.99902
   42 0000004C 82 0B           DCW              0x0b82      ; 38 2946  0.71924
   43 0000004E B3 02           DCW              0x02b3      ; 39  691  0.16870
   44 00000050 70 00           DCW              0x0070      ; 40  112  0.02734
   45 00000052 83 07           DCW              0x0783      ; 41 1923  0.46948
   46 00000054 31 0F           DCW              0x0f31      ; 42 3889  0.94946
   47 00000056 FE 0D           DCW              0x0dfe      ; 43 3582  0.87451
   48 00000058 65 05           DCW              0x0565      ; 44 1381  0.33716
   49 0000005A 04 00           DCW              0x0004      ; 45    4  0.00098
   50 0000005C 7E 04           DCW              0x047e      ; 46 1150  0.28076
   51 0000005E 4D 0D           DCW              0x0d4d      ; 47 3405  0.83130
   52 00000060 90 0F           DCW              0x0f90      ; 48 3984  0.97266
   53 00000062 7D 08           DCW              0x087d      ; 49 2173  0.53052
   54 00000064 CF 00           DCW              0x00cf      ; 50  207  0.05054
   55 00000066 02 02           DCW              0x0202      ; 51  514  0.12549
   56 00000068 9B 0A           DCW              0x0a9b      ; 52 2715  0.66284
   57 0000006A FC 0F           DCW              0x0ffc      ; 53 4092  0.99902
   58 0000006C 82 0B           DCW              0x0b82      ; 54 2946  0.71924



ARM Macro Assembler    Page 2 


   59 0000006E B3 02           DCW              0x02b3      ; 55  691  0.16870
   60 00000070 70 00           DCW              0x0070      ; 56  112  0.02734
   61 00000072 83 07           DCW              0x0783      ; 57 1923  0.46948
   62 00000074 31 0F           DCW              0x0f31      ; 58 3889  0.94946
   63 00000076 FE 0D           DCW              0x0dfe      ; 59 3582  0.87451
   64 00000078 65 05           DCW              0x0565      ; 60 1381  0.33716
   65 0000007A 04 00           DCW              0x0004      ; 61    4  0.00098
   66 0000007C 7E 04           DCW              0x047e      ; 62 1150  0.28076
   67 0000007E 4D 0D           DCW              0x0d4d      ; 63 3405  0.83130
   68 00000080                 END
Command Line: --debug --xref --diag_suppress=9931 --cpu=Cortex-M3 --apcs=interw
ork --depend=.\obj\signal.d -o.\obj\signal.o -I.\Driver -I.\Src -I.\RTE\_Simu -
IC:\Programdata\Keil\Arm\Packs\ARM\CMSIS\5.7.0\CMSIS\Core\Include -IC:\Programd
ata\Keil\Arm\Packs\Keil\STM32F1xx_DFP\2.3.0\Device\Include --predefine="__EVAL 
SETA 1" --predefine="__MICROLIB SETA 1" --predefine="__UVISION_VERSION SETA 534
" --predefine="_RTE_ SETA 1" --predefine="STM32F10X_MD SETA 1" --predefine="_RT
E_ SETA 1" --list=signal.lst Src\Signal.asm



ARM Macro Assembler    Page 1 Alphabetic symbol ordering
Relocatable symbols

LeSignal 00000000

Symbol: LeSignal
   Definitions
      At line 3 in file Src\Signal.asm
   Uses
      At line 2 in file Src\Signal.asm
Comment: LeSignal used once
Signal 00000000

Symbol: Signal
   Definitions
      At line 1 in file Src\Signal.asm
   Uses
      None
Comment: Signal unused
2 symbols
337 symbols in table
