


ARM Macro Assembler    Page 1 


    1 00000000                 PRESERVE8
    2 00000000                 THUMB
    3 00000000         
    4 00000000         
    5 00000000         
    6 00000000         
    7 00000000         
    8 00000000         ; ====================== zone de réservation de données,
                         ======================================
    9 00000000         ;Section RAM (read only) :
   10 00000000                 area             mesdata,data,readonly
   11 00000000         
   12 00000000         
   13 00000000         ;Section RAM (read write):
   14 00000000                 area             maram,data,readwrite
   15 00000000         
   16 00000000 00      FlagCligno
                               dcb              0
   17 00000001         
   18 00000001                 EXPORT           FlagCligno
   19 00000001         ; ======================================================
                       =========================================
   20 00000001         
   21 00000001         
   22 00000001         
   23 00000001         
   24 00000001         ;Section ROM code (read only) :  
   25 00000001                 area             moncode,code,readonly
   26 00000000         ; écrire le code ici  
   27 00000000         
   28 00000000                 include          DriverJeuLaser.inc
    1 00000000         
    2 00000000         ; Bibliotheque DriverJeuLaser (ancienne gassp72 adaptée 
                       2021 - TR)
    3 00000000         ; Accès en aux fonctions suivantes :
    4 00000000         ; GPIO :
    5 00000000         ; GPIOA_Set(char Broche), GPIOB_Set(char Broche), GPIOC_
                       Set(char Broche)
    6 00000000         ; GPIOA_Clear(char Broche), GPIOB_Clear(char Broche), GP
                       IOC_Clear(char Broche)
    7 00000000         
    8 00000000         ; PWM :
    9 00000000         ;/**
   10 00000000         ; * @brief  Fixe une valeur de PWM, Val, en tick horloge
                       . La rapport cyclique effectif
   11 00000000         ; * est donc : rcy = Thaut_ticks / Periode_ticks
   12 00000000         ; * @note   spécifique Jeu Laser, PWM liée exclusivement
                        au TIM3, chan3
   13 00000000         ; * @param  Thaut_ticks : durée de l'état haut d'une imp
                       ulsion en Ticks
   14 00000000         ;  * @retval None
   15 00000000         ; */
   16 00000000         
   17 00000000         ;void PWM_Set_Value_TIM3_Ch3( unsigned short int Thaut_t
                       icks);
   18 00000000                 import           PWM_Set_Value_TIM3_Ch3
   19 00000000         
   20 00000000         
   21 00000000         



ARM Macro Assembler    Page 2 


   22 00000000         ;/**
   23 00000000         ; * @brief  Mise à 1 d'une broche GPIO 
   24 00000000         ;  * @note   Une fonction par GPIO
   25 00000000         ; * @param  Broche : 0 à 15
   26 00000000         ; * @retval None
   27 00000000         ; */
   28 00000000         
   29 00000000         ;void GPIOA_Set(char Broche);
   30 00000000                 import           GPIOA_Set
   31 00000000         
   32 00000000         ;void GPIOB_Set(char Broche);
   33 00000000                 import           GPIOB_Set
   34 00000000         
   35 00000000         ;void GPIOC_Set(char Broche);
   36 00000000                 import           GPIOC_Set
   37 00000000         
   38 00000000         
   39 00000000         
   40 00000000         ;/**
   41 00000000         ; * @brief  Mise à 0 d'une broche GPIO 
   42 00000000         ;  * @note   Une fonction par GPIO
   43 00000000         ; * @param  Broche : 0 à 15
   44 00000000         ; * @retval None
   45 00000000         ;  */
   46 00000000         
   47 00000000         ;void GPIOA_Clear(char Broche);
   48 00000000                 import           GPIOA_Clear
   49 00000000         
   50 00000000         ;void GPIOB_Clear(char Broche);
   51 00000000                 import           GPIOB_Clear
   52 00000000         
   53 00000000         ;void GPIOC_Clear(char Broche);
   54 00000000                 import           GPIOC_Clear
   55 00000000         
   56 00000000                 end
   29 00000000         
   30 00000000         timer_callback
                               proc
   31 00000000         
   32 00000000         ;if (FlagCligno==1)
   33 00000000 480C            ldr              r0,=FlagCligno
   34 00000002 6801            ldr              r1,[r0]
   35 00000004 2901            cmp              r1,#1
   36 00000006 D10A            bne              pasegala1
   37 00000008         ;{
   38 00000008         ; FlagCligno=0;
   39 00000008 F04F 0100       mov              r1,#0
   40 0000000C 6001            str              r1,[r0]
   41 0000000E F04F 0001       mov              r0,#1
   42 00000012 B500            push{lr}
   43 00000014 F7FF FFFE       bl               GPIOB_Set   ;
   44 00000018 F85D EB04       pop{lr}
   45 0000001C 4770            bx               lr
   46 0000001E         ;}
   47 0000001E         ;else 
   48 0000001E         pasegala1
   49 0000001E         ; {
   50 0000001E         ;  FlagCligno=1;
   51 0000001E F04F 0101       mov              r1,#1



ARM Macro Assembler    Page 3 


   52 00000022 6001            str              r1,[r0]
   53 00000024 B500            push{lr}
   54 00000026 F04F 0001       mov              r0,#1
   55 0000002A F7FF FFFE       bl               GPIOB_Clear ;
   56 0000002E         
   57 0000002E F85D EB04       pop{lr}
   58 00000032 4770            bx               lr
   59 00000034         ; }
   60 00000034         
   61 00000034         
   62 00000034         
   63 00000034                 endp
   64 00000034         
   65 00000034                 EXPORT           timer_callback
   66 00000034         
   67 00000034                 END
              00000000 
Command Line: --debug --xref --diag_suppress=9931 --cpu=Cortex-M3 --apcs=interw
ork --depend=.\obj\cligno.d -o.\obj\cligno.o -I.\Driver -I.\RTE\_CibleSondeKEIL
 -IC:\Programdata\Keil\Arm\Packs\ARM\CMSIS\5.7.0\CMSIS\Core\Include -IC:\Progra
mdata\Keil\Arm\Packs\Keil\STM32F1xx_DFP\2.3.0\Device\Include --predefine="__EVA
L SETA 1" --predefine="__MICROLIB SETA 1" --predefine="__UVISION_VERSION SETA 5
34" --predefine="_RTE_ SETA 1" --predefine="STM32F10X_MD SETA 1" --predefine="_
RTE_ SETA 1" --list=cligno.lst Src\Cligno.s



ARM Macro Assembler    Page 1 Alphabetic symbol ordering
Relocatable symbols

mesdata 00000000

Symbol: mesdata
   Definitions
      At line 10 in file Src\Cligno.s
   Uses
      None
Comment: mesdata unused
1 symbol



ARM Macro Assembler    Page 1 Alphabetic symbol ordering
Relocatable symbols

FlagCligno 00000000

Symbol: FlagCligno
   Definitions
      At line 16 in file Src\Cligno.s
   Uses
      At line 18 in file Src\Cligno.s
      At line 33 in file Src\Cligno.s

maram 00000000

Symbol: maram
   Definitions
      At line 14 in file Src\Cligno.s
   Uses
      None
Comment: maram unused
2 symbols



ARM Macro Assembler    Page 1 Alphabetic symbol ordering
Relocatable symbols

moncode 00000000

Symbol: moncode
   Definitions
      At line 25 in file Src\Cligno.s
   Uses
      None
Comment: moncode unused
pasegala1 0000001E

Symbol: pasegala1
   Definitions
      At line 48 in file Src\Cligno.s
   Uses
      At line 36 in file Src\Cligno.s
Comment: pasegala1 used once
timer_callback 00000000

Symbol: timer_callback
   Definitions
      At line 30 in file Src\Cligno.s
   Uses
      At line 65 in file Src\Cligno.s
Comment: timer_callback used once
3 symbols



ARM Macro Assembler    Page 1 Alphabetic symbol ordering
External symbols

GPIOA_Clear 00000000

Symbol: GPIOA_Clear
   Definitions
      At line 48 in file .\Driver\DriverJeuLaser.inc
   Uses
      None
Comment: GPIOA_Clear unused
GPIOA_Set 00000000

Symbol: GPIOA_Set
   Definitions
      At line 30 in file .\Driver\DriverJeuLaser.inc
   Uses
      None
Comment: GPIOA_Set unused
GPIOB_Clear 00000000

Symbol: GPIOB_Clear
   Definitions
      At line 51 in file .\Driver\DriverJeuLaser.inc
   Uses
      At line 55 in file Src\Cligno.s
Comment: GPIOB_Clear used once
GPIOB_Set 00000000

Symbol: GPIOB_Set
   Definitions
      At line 33 in file .\Driver\DriverJeuLaser.inc
   Uses
      At line 43 in file Src\Cligno.s
Comment: GPIOB_Set used once
GPIOC_Clear 00000000

Symbol: GPIOC_Clear
   Definitions
      At line 54 in file .\Driver\DriverJeuLaser.inc
   Uses
      None
Comment: GPIOC_Clear unused
GPIOC_Set 00000000

Symbol: GPIOC_Set
   Definitions
      At line 36 in file .\Driver\DriverJeuLaser.inc
   Uses
      None
Comment: GPIOC_Set unused
PWM_Set_Value_TIM3_Ch3 00000000

Symbol: PWM_Set_Value_TIM3_Ch3
   Definitions
      At line 18 in file .\Driver\DriverJeuLaser.inc
   Uses
      None
Comment: PWM_Set_Value_TIM3_Ch3 unused
7 symbols
350 symbols in table
